Arguments: 
  C:\Program Files\nodejs\node.exe C:\Program Files (x86)\Yarn\bin\yarn.js add antd-mobile

PATH: 
  C:\Program Files (x86)\GnuWin32\bin;C:\Program Files (x86)\Razer Chroma SDK\bin;C:\Program Files\Razer Chroma SDK\bin;C:\ProgramData\Oracle\Java\javapath;C:\Windows\system32;C:\Windows;C:\Windows\System32\Wbem;C:\Windows\System32\WindowsPowerShell\v1.0\;C:\Program Files (x86)\Skype\Phone\;C:\Windows\system32\config\systemprofile\AppData\Local\Microsoft\WindowsApps;C:\WINDOWS\system32;C:\WINDOWS;C:\WINDOWS\System32\Wbem;C:\WINDOWS\System32\WindowsPowerShell\v1.0\;C:\WINDOWS\System32\OpenSSH\;D:\BaseX\bin;F:\Xampp\php;C:\ProgramData\ComposerSetup\bin;C:\Program Files\Git\cmd;C:\Program Files (x86)\NVIDIA Corporation\PhysX\Common;C:\Program Files\NVIDIA Corporation\NVIDIA NvDLISR;C:\WINDOWS\system32;C:\WINDOWS;C:\WINDOWS\System32\Wbem;C:\WINDOWS\System32\WindowsPowerShell\v1.0\;C:\WINDOWS\System32\OpenSSH\;C:\Program Files\Docker\Docker\resources\bin;C:\ProgramData\DockerDesktop\version-bin;C:\Program Files\nodejs\;C:\Program Files (x86)\Yarn\bin\;C:\Users\enetz\AppData\Local\Programs\Python\Python39;C:\Users\enetz\AppData\Roaming\Python\Python39\Scripts;C:\Program Files\PuTTY\;C:\Users\enetz\AppData\Local\Programs\Microsoft VS Code\bin;C:\Users\enetz\AppData\Roaming\Composer\vendor\bin;C:\Users\enetz\Desktop\flutter\flutter sdk\flutter\bin;C:\Users\enetz\Desktop\flutter\flutter sdk\flutter\bin\cache\dart-sdk\bin;C:\Users\enetz\AppData\Roaming\npm;C:\Users\enetz\AppData\Local\Yarn\bin;C:\Users\enetz\AppData\Roaming\Python\Python39\site-packages\pipx;C:\Program Files\Docker\Docker;C:\Users\enetz\AppData\Roaming\Python\Python39\Scripts;C:\Users\enetz\AppData\Local\Programs\Python\Python39\;C:\Users\enetz\AppData\Local\Programs\Python\Python39\Scripts;

Yarn version: 
  1.22.5

Node version: 
  14.15.0

Platform: 
  win32 x64

Trace: 
  Error: EPERM: operation not permitted, lstat 'C:\Users\enetz\Desktop\ProyectoFinal\ReactNative\AppRutas\node_modules\.bin'

npm manifest: 
  {
    "main": "node_modules/expo/AppEntry.js",
    "scripts": {
      "start": "expo start",
      "android": "expo start --android",
      "ios": "expo start --ios",
      "web": "expo start --web",
      "eject": "expo eject"
    },
    "dependencies": {
      "axios": "^0.21.1",
      "expo": "~40.0.0",
      "expo-status-bar": "~1.0.3",
      "react": "16.13.1",
      "react-dom": "16.13.1",
      "react-native": "https://github.com/expo/react-native/archive/sdk-40.0.1.tar.gz",
      "react-native-web": "~0.13.12"
    },
    "devDependencies": {
      "@babel/core": "~7.9.0",
      "@types/react": "~16.9.35",
      "@types/react-dom": "~16.9.8",
      "@types/react-native": "~0.63.2",
      "typescript": "~4.0.0"
    },
    "private": true
  }

yarn manifest: 
  No manifest

Lockfile: 
  No lockfile
